<?xml version="1.0" encoding="UTF-8"?>
<testsuite xmlns:xsi="http://www.w3.org/2001/XMLSchema-instance" xsi:noNamespaceSchemaLocation="https://maven.apache.org/surefire/maven-surefire-plugin/xsd/surefire-test-report-3.0.xsd" version="3.0" name="com.emoney.cpet.emx.DatabaseConfigAllTest" time="0.008" tests="1" errors="0" skipped="0" failures="0">
  <properties>
[...]
</properties>
  <testcase name="test" classname="com.emoney.cpet.emx.DatabaseConfigAllTest" time="0.008">
    <system-out><![CDATA[pds.getName(): class
pds.getName(): field1
pds.getName(): field2
pds.getName(): field3
pds.getName(): state
pds.getName(): systemConfig
pds.getName(): class
pds.getName(): field1
pds.getName(): field2
pds.getName(): field3
pds.getName(): state
pds.getName(): systemConfig
pds.getName(): class
pds.getName(): field1
pds.getName(): field2
pds.getName(): field3
pds.getName(): state
pds.getName(): systemConfig
pds.getName(): class
pds.getName(): field1
pds.getName(): field2
pds.getName(): field3
pds.getName(): state
pds.getName(): systemConfig
pds.getName(): class
pds.getName(): field1
pds.getName(): field2
pds.getName(): field3
pds.getName(): state
pds.getName(): systemConfig
pds.getName(): class
pds.getName(): field1
pds.getName(): field2
pds.getName(): field3
pds.getName(): state
pds.getName(): systemConfig
pds.getName(): class
pds.getName(): field1
supercalss is: class java.lang.Object
pds.getName(): field2
supercalss is: class java.lang.Object
pds.getName(): field3
supercalss is: class java.lang.Object
pds.getName(): state
supercalss is: null
pds.getName(): systemConfig
supercalss is: class com.emoney.cpet.emx.Config
pds.getName(): class
pds.getName(): field1
pds.getName(): field2
pds.getName(): field3
pds.getName(): state
pds.getName(): class
pds.getName(): field1
pds.getName(): field2
pds.getName(): field3
pds.getName(): state
pds.getName(): class
pds.getName(): field1
pds.getName(): field2
pds.getName(): field3
pds.getName(): state
pds.getName(): class
pds.getName(): field1
pds.getName(): field2
pds.getName(): field3
pds.getName(): state
pds.getName(): class
pds.getName(): field1
pds.getName(): field2
pds.getName(): field3
pds.getName(): state
pds.getName(): class
pds.getName(): field1
pds.getName(): field2
pds.getName(): field3
pds.getName(): state
pds.getName(): class
pds.getName(): field1
supercalss is: class java.lang.Object
pds.getName(): field2
supercalss is: class java.lang.Object
pds.getName(): field3
supercalss is: class java.lang.Object
pds.getName(): state
supercalss is: null
]]></system-out>
  </testcase>
</testsuite>